Using pre-set license
Built from '2020.2/release' branch; Version is '2020.2.2f1 (068178b99f32) revision 426360'; Using compiler version '192528614'; Build Type 'Release'
OS: 'Windows 10 Pro; OS build 19042.804; Version 2009; 64bit' Language: 'en' Physical Memory: 7549 MB
BatchMode: 1, IsHumanControllingUs: 0, StartBugReporterOnCrash: 0, Is64bit: 1, IsPro: 0

 COMMAND LINE ARGUMENTS:
C:\Program Files\Unity\Hub\Editor\2020.2.2f1\Editor\Unity.exe
-adb2
-batchMode
-noUpm
-name
AssetImportWorker0
-projectPath
C:/Users/Cessase/Google Drive/Unity Projects/ObstacleGame
-logFile
Logs/AssetImportWorker0.log
-srvPort
58490
Successfully changed project path to: C:/Users/Cessase/Google Drive/Unity Projects/ObstacleGame
C:/Users/Cessase/Google Drive/Unity Projects/ObstacleGame
Using Asset Import Pipeline V2.
Refreshing native plugins compatible for Editor in 28.27 ms, found 0 plugins.
Preloading 0 native plugins for Editor in 0.00 ms.
Initialize engine version: 2020.2.2f1 (068178b99f32)
[Subsystems] Discovering subsystems at path C:/Program Files/Unity/Hub/Editor/2020.2.2f1/Editor/Data/Resources/UnitySubsystems
[Subsystems] Discovering subsystems at path C:/Users/Cessase/Google Drive/Unity Projects/ObstacleGame/Assets
GfxDevice: creating device client; threaded=0
Direct3D:
    Version:  Direct3D 11.0 [level 11.1]
    Renderer: AMD Radeon(TM) Graphics (ID=0x1636)
    Vendor:   
    VRAM:     3774 MB
    Driver:   27.20.11026.10003
Initialize mono
Mono path[0] = 'C:/Program Files/Unity/Hub/Editor/2020.2.2f1/Editor/Data/Managed'
Mono path[1] = 'C:/Program Files/Unity/Hub/Editor/2020.2.2f1/Editor/Data/MonoBleedingEdge/lib/mono/unityjit'
Mono config path = 'C:/Program Files/Unity/Hub/Editor/2020.2.2f1/Editor/Data/MonoBleedingEdge/etc'
Using monoOptions --debugger-agent=transport=dt_socket,embedding=1,server=y,suspend=n,address=127.0.0.1:56800
Begin MonoManager ReloadAssembly
Registering precompiled unity dll's ...
Register platform support module: C:/Program Files/Unity/Hub/Editor/2020.2.2f1/Editor/Data/PlaybackEngines/WindowsStandaloneSupport/UnityEditor.WindowsStandalone.Extensions.dll
Registered in 0.001544 seconds.
Native extension for WindowsStandalone target not found
Refreshing native plugins compatible for Editor in 25.86 ms, found 0 plugins.
Preloading 0 native plugins for Editor in 0.00 ms.
Invoked RoslynAnalysisRunner static constructor.
RoslynAnalysisRunner will not be running.
RoslynAnalysisRunner has terminated.
Mono: successfully reloaded assembly
- Completed reload, in  1.001 seconds
Platform modules already initialized, skipping
Registering precompiled user dll's ...
Registered in 0.000836 seconds.
Begin MonoManager ReloadAssembly
Native extension for WindowsStandalone target not found
Refreshing native plugins compatible for Editor in 0.33 ms, found 0 plugins.
Preloading 0 native plugins for Editor in 0.00 ms.
Invoked RoslynAnalysisRunner static constructor.
RoslynAnalysisRunner will not be running.
RoslynAnalysisRunner has terminated.
Mono: successfully reloaded assembly
- Completed reload, in  0.810 seconds
Platform modules already initialized, skipping
========================================================================
Worker process is ready to serve import requests
Launched and connected shader compiler UnityShaderCompiler.exe after 0.05 seconds
Refreshing native plugins compatible for Editor in 0.28 ms, found 0 plugins.
Preloading 0 native plugins for Editor in 0.00 ms.
Unloading 1246 Unused Serialized files (Serialized files now loaded: 0)
System memory in use before: 61.4 MB.
System memory in use after: 61.5 MB.

Unloading 11 unused Assets to reduce memory usage. Loaded Objects now: 1687.
Total: 2.898500 ms (FindLiveObjects: 0.282600 ms CreateObjectMapping: 0.062500 ms MarkObjects: 2.411700 ms  DeleteObjects: 0.139100 ms)

========================================================================
Received Import Request.
  path: Assets/Materials/Player.mat
  artifactKey: Guid(6b2975a0fd759cb4798b20e130bbd40d) Importer(815301076,1909f56bfc062723c751e8b465ee728b)
Start importing Assets/Materials/Player.mat using Guid(6b2975a0fd759cb4798b20e130bbd40d) Importer(815301076,1909f56bfc062723c751e8b465ee728b)  -> (artifact id: '5034f83c1f8dcc994c2bc83222c551fc') in 0.113856 seconds
  Import took 0.117468 seconds .

========================================================================
Received Import Request.
  Time since last request: 0.000243 seconds.
  path: Assets/Materials/Terrain.mat
  artifactKey: Guid(a7928e1be4d796746a44c41c4b7a54eb) Importer(815301076,1909f56bfc062723c751e8b465ee728b)
Start importing Assets/Materials/Terrain.mat using Guid(a7928e1be4d796746a44c41c4b7a54eb) Importer(815301076,1909f56bfc062723c751e8b465ee728b)  -> (artifact id: 'd056949e00180848aed3157233bf7313') in 0.009935 seconds
  Import took 0.012188 seconds .

========================================================================
Received Import Request.
  Time since last request: 55.884548 seconds.
  path: Assets/Script/ObstacleController.cs
  artifactKey: Guid(550bfbd2dc015614db008631da36df41) Importer(815301076,1909f56bfc062723c751e8b465ee728b)
Start importing Assets/Script/ObstacleController.cs using Guid(550bfbd2dc015614db008631da36df41) Importer(815301076,1909f56bfc062723c751e8b465ee728b)  -> (artifact id: 'faf9b850951afe4152d6922e2adcfff5') in 0.004049 seconds
  Import took 0.006491 seconds .

========================================================================
Received Import Request.
  Time since last request: 0.001853 seconds.
  path: Assets/Script/ObstacleController.cs
  artifactKey: Guid(550bfbd2dc015614db008631da36df41) Importer(815301076,1909f56bfc062723c751e8b465ee728b)
Start importing Assets/Script/ObstacleController.cs using Guid(550bfbd2dc015614db008631da36df41) Importer(815301076,1909f56bfc062723c751e8b465ee728b)  -> (artifact id: 'faf9b850951afe4152d6922e2adcfff5') in 0.002079 seconds
  Import took 0.004687 seconds .

========================================================================
Received Prepare
Registering precompiled user dll's ...
Registered in 0.000641 seconds.
Begin MonoManager ReloadAssembly
Native extension for WindowsStandalone target not found
Refreshing native plugins compatible for Editor in 0.30 ms, found 0 plugins.
Preloading 0 native plugins for Editor in 0.00 ms.
Invoked RoslynAnalysisRunner static constructor.
RoslynAnalysisRunner will not be running.
RoslynAnalysisRunner has terminated.
Mono: successfully reloaded assembly
- Completed reload, in  0.815 seconds
Platform modules already initialized, skipping
Refreshing native plugins compatible for Editor in 0.28 ms, found 0 plugins.
Preloading 0 native plugins for Editor in 0.00 ms.
Unloading 1242 Unused Serialized files (Serialized files now loaded: 0)
System memory in use before: 64.9 MB.
System memory in use after: 65.0 MB.

Unloading 6 unused Assets to reduce memory usage. Loaded Objects now: 1731.
Total: 2.386300 ms (FindLiveObjects: 0.211300 ms CreateObjectMapping: 0.029300 ms MarkObjects: 2.079400 ms  DeleteObjects: 0.064900 ms)

========================================================================
Received Prepare
Registering precompiled user dll's ...
Registered in 0.000730 seconds.
Begin MonoManager ReloadAssembly
Native extension for WindowsStandalone target not found
Refreshing native plugins compatible for Editor in 0.48 ms, found 0 plugins.
Preloading 0 native plugins for Editor in 0.00 ms.
Invoked RoslynAnalysisRunner static constructor.
RoslynAnalysisRunner will not be running.
RoslynAnalysisRunner has terminated.
Mono: successfully reloaded assembly
- Completed reload, in  0.867 seconds
Platform modules already initialized, skipping
Refreshing native plugins compatible for Editor in 0.33 ms, found 0 plugins.
Preloading 0 native plugins for Editor in 0.00 ms.
Unloading 1241 Unused Serialized files (Serialized files now loaded: 0)
System memory in use before: 65.0 MB.
System memory in use after: 65.1 MB.

Unloading 6 unused Assets to reduce memory usage. Loaded Objects now: 1733.
Total: 2.063000 ms (FindLiveObjects: 0.246700 ms CreateObjectMapping: 0.061400 ms MarkObjects: 1.680400 ms  DeleteObjects: 0.072800 ms)

========================================================================
Received Prepare
Registering precompiled user dll's ...
Registered in 0.000654 seconds.
Begin MonoManager ReloadAssembly
Native extension for WindowsStandalone target not found
Refreshing native plugins compatible for Editor in 0.37 ms, found 0 plugins.
Preloading 0 native plugins for Editor in 0.00 ms.
Invoked RoslynAnalysisRunner static constructor.
RoslynAnalysisRunner will not be running.
RoslynAnalysisRunner has terminated.
Mono: successfully reloaded assembly
- Completed reload, in  0.927 seconds
Platform modules already initialized, skipping
Refreshing native plugins compatible for Editor in 0.27 ms, found 0 plugins.
Preloading 0 native plugins for Editor in 0.00 ms.
Unloading 1241 Unused Serialized files (Serialized files now loaded: 0)
System memory in use before: 65.2 MB.
System memory in use after: 65.3 MB.

Unloading 6 unused Assets to reduce memory usage. Loaded Objects now: 1735.
Total: 3.153600 ms (FindLiveObjects: 0.336200 ms CreateObjectMapping: 0.066900 ms MarkObjects: 2.662100 ms  DeleteObjects: 0.086100 ms)

========================================================================
Received Prepare
Registering precompiled user dll's ...
Registered in 0.000754 seconds.
Begin MonoManager ReloadAssembly
Native extension for WindowsStandalone target not found
Refreshing native plugins compatible for Editor in 0.29 ms, found 0 plugins.
Preloading 0 native plugins for Editor in 0.00 ms.
Invoked RoslynAnalysisRunner static constructor.
RoslynAnalysisRunner will not be running.
RoslynAnalysisRunner has terminated.
Mono: successfully reloaded assembly
- Completed reload, in  0.771 seconds
Platform modules already initialized, skipping
Refreshing native plugins compatible for Editor in 0.30 ms, found 0 plugins.
Preloading 0 native plugins for Editor in 0.00 ms.
Unloading 1241 Unused Serialized files (Serialized files now loaded: 0)
System memory in use before: 65.3 MB.
System memory in use after: 65.4 MB.

Unloading 6 unused Assets to reduce memory usage. Loaded Objects now: 1737.
Total: 2.297000 ms (FindLiveObjects: 0.223600 ms CreateObjectMapping: 0.028200 ms MarkObjects: 1.955000 ms  DeleteObjects: 0.088800 ms)

========================================================================
Received Import Request.
  Time since last request: 636.328567 seconds.
  path: Assets/Materials/Sidepanel.mat
  artifactKey: Guid(c45c1f8b17051ad4488ca5a195249fdf) Importer(815301076,1909f56bfc062723c751e8b465ee728b)
Start importing Assets/Materials/Sidepanel.mat using Guid(c45c1f8b17051ad4488ca5a195249fdf) Importer(815301076,1909f56bfc062723c751e8b465ee728b)  -> (artifact id: '978b0dbe5d075f2403b0bd2caaf94916') in 0.061304 seconds
  Import took 0.065583 seconds .

========================================================================
Received Prepare
Registering precompiled user dll's ...
Registered in 0.000989 seconds.
Begin MonoManager ReloadAssembly
Native extension for WindowsStandalone target not found
Refreshing native plugins compatible for Editor in 0.28 ms, found 0 plugins.
Preloading 0 native plugins for Editor in 0.00 ms.
Invoked RoslynAnalysisRunner static constructor.
RoslynAnalysisRunner will not be running.
RoslynAnalysisRunner has terminated.
Mono: successfully reloaded assembly
- Completed reload, in  0.805 seconds
Platform modules already initialized, skipping
Refreshing native plugins compatible for Editor in 0.27 ms, found 0 plugins.
Preloading 0 native plugins for Editor in 0.00 ms.
Unloading 1241 Unused Serialized files (Serialized files now loaded: 0)
System memory in use before: 65.5 MB.
System memory in use after: 65.6 MB.

Unloading 6 unused Assets to reduce memory usage. Loaded Objects now: 1740.
Total: 2.255700 ms (FindLiveObjects: 0.310600 ms CreateObjectMapping: 0.075600 ms MarkObjects: 1.793100 ms  DeleteObjects: 0.074200 ms)

========================================================================
Received Prepare
Registering precompiled user dll's ...
Registered in 0.000950 seconds.
Begin MonoManager ReloadAssembly
Native extension for WindowsStandalone target not found
Refreshing native plugins compatible for Editor in 0.42 ms, found 0 plugins.
Preloading 0 native plugins for Editor in 0.00 ms.
Invoked RoslynAnalysisRunner static constructor.
RoslynAnalysisRunner will not be running.
RoslynAnalysisRunner has terminated.
Mono: successfully reloaded assembly
- Completed reload, in  0.823 seconds
Platform modules already initialized, skipping
Refreshing native plugins compatible for Editor in 0.32 ms, found 0 plugins.
Preloading 0 native plugins for Editor in 0.00 ms.
Unloading 1241 Unused Serialized files (Serialized files now loaded: 0)
System memory in use before: 65.6 MB.
System memory in use after: 65.7 MB.

Unloading 6 unused Assets to reduce memory usage. Loaded Objects now: 1742.
Total: 2.985000 ms (FindLiveObjects: 0.301200 ms CreateObjectMapping: 0.091900 ms MarkObjects: 2.429000 ms  DeleteObjects: 0.159900 ms)

========================================================================
Received Prepare
Registering precompiled user dll's ...
Registered in 0.000719 seconds.
Begin MonoManager ReloadAssembly
Native extension for WindowsStandalone target not found
Refreshing native plugins compatible for Editor in 0.31 ms, found 0 plugins.
Preloading 0 native plugins for Editor in 0.00 ms.
Invoked RoslynAnalysisRunner static constructor.
RoslynAnalysisRunner will not be running.
RoslynAnalysisRunner has terminated.
Mono: successfully reloaded assembly
- Completed reload, in  0.816 seconds
Platform modules already initialized, skipping
Refreshing native plugins compatible for Editor in 0.33 ms, found 0 plugins.
Preloading 0 native plugins for Editor in 0.00 ms.
Unloading 1241 Unused Serialized files (Serialized files now loaded: 0)
System memory in use before: 65.7 MB.
System memory in use after: 65.7 MB.

Unloading 6 unused Assets to reduce memory usage. Loaded Objects now: 1744.
Total: 2.478200 ms (FindLiveObjects: 0.241700 ms CreateObjectMapping: 0.040500 ms MarkObjects: 1.980700 ms  DeleteObjects: 0.213600 ms)

========================================================================
Received Prepare
Registering precompiled user dll's ...
Registered in 0.000663 seconds.
Begin MonoManager ReloadAssembly
Native extension for WindowsStandalone target not found
Refreshing native plugins compatible for Editor in 0.28 ms, found 0 plugins.
Preloading 0 native plugins for Editor in 0.00 ms.
Invoked RoslynAnalysisRunner static constructor.
RoslynAnalysisRunner will not be running.
RoslynAnalysisRunner has terminated.
Mono: successfully reloaded assembly
- Completed reload, in  0.683 seconds
Platform modules already initialized, skipping
Refreshing native plugins compatible for Editor in 0.27 ms, found 0 plugins.
Preloading 0 native plugins for Editor in 0.00 ms.
Unloading 1241 Unused Serialized files (Serialized files now loaded: 0)
System memory in use before: 65.9 MB.
System memory in use after: 66.0 MB.

Unloading 6 unused Assets to reduce memory usage. Loaded Objects now: 1746.
Total: 2.329400 ms (FindLiveObjects: 0.241800 ms CreateObjectMapping: 0.056200 ms MarkObjects: 1.919100 ms  DeleteObjects: 0.110200 ms)

========================================================================
Received Import Request.
  Time since last request: 3622.127098 seconds.
  path: ProjectSettings/TagManager.asset
  artifactKey: Guid(00000000000000003000000000000000) Importer(815301076,1909f56bfc062723c751e8b465ee728b)
Start importing ProjectSettings/TagManager.asset using Guid(00000000000000003000000000000000) Importer(815301076,1909f56bfc062723c751e8b465ee728b)  -> (artifact id: '1efec719c81060231ab49e0da4b313b9') in 0.016063 seconds
  Import took 0.020258 seconds .

========================================================================
Received Prepare
Registering precompiled user dll's ...
Registered in 0.000656 seconds.
Begin MonoManager ReloadAssembly
Native extension for WindowsStandalone target not found
Refreshing native plugins compatible for Editor in 0.38 ms, found 0 plugins.
Preloading 0 native plugins for Editor in 0.00 ms.
Invoked RoslynAnalysisRunner static constructor.
RoslynAnalysisRunner will not be running.
RoslynAnalysisRunner has terminated.
Mono: successfully reloaded assembly
- Completed reload, in  0.740 seconds
Platform modules already initialized, skipping
Refreshing native plugins compatible for Editor in 0.27 ms, found 0 plugins.
Preloading 0 native plugins for Editor in 0.00 ms.
Unloading 1241 Unused Serialized files (Serialized files now loaded: 0)
System memory in use before: 66.1 MB.
System memory in use after: 66.2 MB.

Unloading 7 unused Assets to reduce memory usage. Loaded Objects now: 1748.
Total: 3.298800 ms (FindLiveObjects: 0.332900 ms CreateObjectMapping: 0.076400 ms MarkObjects: 2.784200 ms  DeleteObjects: 0.102600 ms)

========================================================================
Received Prepare
Registering precompiled user dll's ...
Registered in 0.000651 seconds.
Begin MonoManager ReloadAssembly
Native extension for WindowsStandalone target not found
Refreshing native plugins compatible for Editor in 0.28 ms, found 0 plugins.
Preloading 0 native plugins for Editor in 0.00 ms.
Invoked RoslynAnalysisRunner static constructor.
RoslynAnalysisRunner will not be running.
RoslynAnalysisRunner has terminated.
Mono: successfully reloaded assembly
- Completed reload, in  0.734 seconds
Platform modules already initialized, skipping
Refreshing native plugins compatible for Editor in 0.33 ms, found 0 plugins.
Preloading 0 native plugins for Editor in 0.00 ms.
Unloading 1241 Unused Serialized files (Serialized files now loaded: 0)
System memory in use before: 66.2 MB.
System memory in use after: 66.3 MB.

Unloading 6 unused Assets to reduce memory usage. Loaded Objects now: 1750.
Total: 1.948500 ms (FindLiveObjects: 0.208400 ms CreateObjectMapping: 0.029100 ms MarkObjects: 1.631600 ms  DeleteObjects: 0.076700 ms)

========================================================================
Received Prepare
Registering precompiled user dll's ...
Registered in 0.000761 seconds.
Begin MonoManager ReloadAssembly
Native extension for WindowsStandalone target not found
Refreshing native plugins compatible for Editor in 0.29 ms, found 0 plugins.
Preloading 0 native plugins for Editor in 0.00 ms.
Invoked RoslynAnalysisRunner static constructor.
RoslynAnalysisRunner will not be running.
RoslynAnalysisRunner has terminated.
Mono: successfully reloaded assembly
- Completed reload, in  0.723 seconds
Platform modules already initialized, skipping
Refreshing native plugins compatible for Editor in 0.27 ms, found 0 plugins.
Preloading 0 native plugins for Editor in 0.00 ms.
Unloading 1241 Unused Serialized files (Serialized files now loaded: 0)
System memory in use before: 66.4 MB.
System memory in use after: 66.4 MB.

Unloading 6 unused Assets to reduce memory usage. Loaded Objects now: 1752.
Total: 3.055000 ms (FindLiveObjects: 0.295800 ms CreateObjectMapping: 0.161900 ms MarkObjects: 2.500200 ms  DeleteObjects: 0.094700 ms)

========================================================================
Received Import Request.
  Time since last request: 2195.020509 seconds.
  path: Assets/Script/Mover.cs
  artifactKey: Guid(fa85278363a500a46a54209fa32ffce7) Importer(815301076,1909f56bfc062723c751e8b465ee728b)
Start importing Assets/Script/Mover.cs using Guid(fa85278363a500a46a54209fa32ffce7) Importer(815301076,1909f56bfc062723c751e8b465ee728b)  -> (artifact id: '5eeef23d93c6cc742cb0dcca3a24d095') in 0.004693 seconds
  Import took 0.014400 seconds .

========================================================================
Received Prepare
Registering precompiled user dll's ...
Registered in 0.000830 seconds.
Begin MonoManager ReloadAssembly
Native extension for WindowsStandalone target not found
Refreshing native plugins compatible for Editor in 0.27 ms, found 0 plugins.
Preloading 0 native plugins for Editor in 0.00 ms.
Invoked RoslynAnalysisRunner static constructor.
RoslynAnalysisRunner will not be running.
RoslynAnalysisRunner has terminated.
Mono: successfully reloaded assembly
- Completed reload, in  0.705 seconds
Platform modules already initialized, skipping
Refreshing native plugins compatible for Editor in 0.31 ms, found 0 plugins.
Preloading 0 native plugins for Editor in 0.00 ms.
Unloading 1241 Unused Serialized files (Serialized files now loaded: 0)
System memory in use before: 66.5 MB.
System memory in use after: 66.6 MB.

Unloading 6 unused Assets to reduce memory usage. Loaded Objects now: 1754.
Total: 2.723100 ms (FindLiveObjects: 0.221400 ms CreateObjectMapping: 0.029000 ms MarkObjects: 2.396800 ms  DeleteObjects: 0.074800 ms)

========================================================================
Received Import Request.
  Time since last request: 71.398984 seconds.
  path: Assets/Script/Mover.cs
  artifactKey: Guid(fa85278363a500a46a54209fa32ffce7) Importer(815301076,1909f56bfc062723c751e8b465ee728b)
Start importing Assets/Script/Mover.cs using Guid(fa85278363a500a46a54209fa32ffce7) Importer(815301076,1909f56bfc062723c751e8b465ee728b)  -> (artifact id: '8bf5bed906935032298bb2f12bc23bc2') in 0.004205 seconds
  Import took 0.007420 seconds .

========================================================================
Received Prepare
Registering precompiled user dll's ...
Registered in 0.000631 seconds.
Begin MonoManager ReloadAssembly
Native extension for WindowsStandalone target not found
Refreshing native plugins compatible for Editor in 0.30 ms, found 0 plugins.
Preloading 0 native plugins for Editor in 0.00 ms.
Invoked RoslynAnalysisRunner static constructor.
RoslynAnalysisRunner will not be running.
RoslynAnalysisRunner has terminated.
Mono: successfully reloaded assembly
- Completed reload, in  0.741 seconds
Platform modules already initialized, skipping
Refreshing native plugins compatible for Editor in 0.27 ms, found 0 plugins.
Preloading 0 native plugins for Editor in 0.00 ms.
Unloading 1241 Unused Serialized files (Serialized files now loaded: 0)
System memory in use before: 66.6 MB.
System memory in use after: 66.7 MB.

Unloading 6 unused Assets to reduce memory usage. Loaded Objects now: 1756.
Total: 1.818300 ms (FindLiveObjects: 0.220400 ms CreateObjectMapping: 0.031500 ms MarkObjects: 1.494100 ms  DeleteObjects: 0.070500 ms)

========================================================================
Received Prepare
Registering precompiled user dll's ...
Registered in 0.000630 seconds.
Begin MonoManager ReloadAssembly
Native extension for WindowsStandalone target not found
Refreshing native plugins compatible for Editor in 0.28 ms, found 0 plugins.
Preloading 0 native plugins for Editor in 0.00 ms.
Invoked RoslynAnalysisRunner static constructor.
RoslynAnalysisRunner will not be running.
RoslynAnalysisRunner has terminated.
Mono: successfully reloaded assembly
- Completed reload, in  0.773 seconds
Platform modules already initialized, skipping
Refreshing native plugins compatible for Editor in 0.28 ms, found 0 plugins.
Preloading 0 native plugins for Editor in 0.00 ms.
Unloading 1241 Unused Serialized files (Serialized files now loaded: 0)
System memory in use before: 66.7 MB.
System memory in use after: 66.8 MB.

Unloading 6 unused Assets to reduce memory usage. Loaded Objects now: 1758.
Total: 1.996600 ms (FindLiveObjects: 0.212900 ms CreateObjectMapping: 0.029900 ms MarkObjects: 1.676600 ms  DeleteObjects: 0.075700 ms)

========================================================================
Received Prepare
Registering precompiled user dll's ...
Registered in 0.000751 seconds.
Begin MonoManager ReloadAssembly
Native extension for WindowsStandalone target not found
Refreshing native plugins compatible for Editor in 0.27 ms, found 0 plugins.
Preloading 0 native plugins for Editor in 0.00 ms.
Invoked RoslynAnalysisRunner static constructor.
RoslynAnalysisRunner will not be running.
RoslynAnalysisRunner has terminated.
Mono: successfully reloaded assembly
- Completed reload, in  0.717 seconds
Platform modules already initialized, skipping
Refreshing native plugins compatible for Editor in 0.27 ms, found 0 plugins.
Preloading 0 native plugins for Editor in 0.00 ms.
Unloading 1241 Unused Serialized files (Serialized files now loaded: 0)
System memory in use before: 65.9 MB.
System memory in use after: 66.0 MB.

Unloading 6 unused Assets to reduce memory usage. Loaded Objects now: 1760.
Total: 2.343700 ms (FindLiveObjects: 0.319200 ms CreateObjectMapping: 0.097100 ms MarkObjects: 1.849800 ms  DeleteObjects: 0.075200 ms)

========================================================================
Received Import Request.
  Time since last request: 715.967408 seconds.
  path: Assets/Script/RotatorController.cs
  artifactKey: Guid(792c602ac7a720f48a2c21eea7f7bed0) Importer(815301076,1909f56bfc062723c751e8b465ee728b)
Start importing Assets/Script/RotatorController.cs using Guid(792c602ac7a720f48a2c21eea7f7bed0) Importer(815301076,1909f56bfc062723c751e8b465ee728b)  -> (artifact id: '3c06aff2615e5f0550955f9d0006bc23') in 0.004828 seconds
  Import took 0.009001 seconds .

========================================================================
Received Prepare
Registering precompiled user dll's ...
Registered in 0.000611 seconds.
Begin MonoManager ReloadAssembly
Native extension for WindowsStandalone target not found
Refreshing native plugins compatible for Editor in 0.42 ms, found 0 plugins.
Preloading 0 native plugins for Editor in 0.00 ms.
Invoked RoslynAnalysisRunner static constructor.
RoslynAnalysisRunner will not be running.
RoslynAnalysisRunner has terminated.
Mono: successfully reloaded assembly
- Completed reload, in  0.706 seconds
Platform modules already initialized, skipping
Refreshing native plugins compatible for Editor in 0.28 ms, found 0 plugins.
Preloading 0 native plugins for Editor in 0.00 ms.
Unloading 1242 Unused Serialized files (Serialized files now loaded: 0)
System memory in use before: 66.1 MB.
System memory in use after: 66.2 MB.

Unloading 6 unused Assets to reduce memory usage. Loaded Objects now: 1763.
Total: 2.530300 ms (FindLiveObjects: 0.210600 ms CreateObjectMapping: 0.030900 ms MarkObjects: 2.217000 ms  DeleteObjects: 0.070300 ms)

========================================================================
Received Import Request.
  Time since last request: 783.025523 seconds.
  path: Assets/Script/ObstacleController.cs
  artifactKey: Guid(550bfbd2dc015614db008631da36df41) Importer(815301076,1909f56bfc062723c751e8b465ee728b)
Start importing Assets/Script/ObstacleController.cs using Guid(550bfbd2dc015614db008631da36df41) Importer(815301076,1909f56bfc062723c751e8b465ee728b)  -> (artifact id: '639851d65aae46cec2ea465fbb91fcb1') in 0.005534 seconds
  Import took 0.015320 seconds .

========================================================================
Received Import Request.
  Time since last request: 0.002014 seconds.
  path: Assets/Script/ObstacleController.cs
  artifactKey: Guid(550bfbd2dc015614db008631da36df41) Importer(815301076,1909f56bfc062723c751e8b465ee728b)
Start importing Assets/Script/ObstacleController.cs using Guid(550bfbd2dc015614db008631da36df41) Importer(815301076,1909f56bfc062723c751e8b465ee728b)  -> (artifact id: '639851d65aae46cec2ea465fbb91fcb1') in 0.002181 seconds
  Import took 0.005394 seconds .

========================================================================
Received Import Request.
  Time since last request: 22.937510 seconds.
  path: Assets/Prefabs
  artifactKey: Guid(df1d2ab2b2a17b542b05936b1f1ad3f1) Importer(815301076,1909f56bfc062723c751e8b465ee728b)
Start importing Assets/Prefabs using Guid(df1d2ab2b2a17b542b05936b1f1ad3f1) Importer(815301076,1909f56bfc062723c751e8b465ee728b)  -> (artifact id: 'aaa6843271efe1f18449e2b900442594') in 0.001709 seconds
  Import took 0.005289 seconds .

========================================================================
Received Import Request.
  Time since last request: 2.139934 seconds.
  path: Assets/Prefabs/Rotators.prefab
  artifactKey: Guid(c66035239afe2664491d2bec62b4258f) Importer(815301076,1909f56bfc062723c751e8b465ee728b)
Start importing Assets/Prefabs/Rotators.prefab using Guid(c66035239afe2664491d2bec62b4258f) Importer(815301076,1909f56bfc062723c751e8b465ee728b)  -> (artifact id: '02bf28e074d2168c5b4451584c5485c4') in 0.104688 seconds
  Import took 0.107586 seconds .

========================================================================
Received Import Request.
  Time since last request: 64.750599 seconds.
  path: Assets/Prefabs/Obstacle.prefab
  artifactKey: Guid(9f10ed40f7c85c74fbce8ce114be3b39) Importer(815301076,1909f56bfc062723c751e8b465ee728b)
Start importing Assets/Prefabs/Obstacle.prefab using Guid(9f10ed40f7c85c74fbce8ce114be3b39) Importer(815301076,1909f56bfc062723c751e8b465ee728b)  -> (artifact id: 'ad30ce0f9e3c7673e64fc7e9ed4c214c') in 0.011242 seconds
  Import took 0.014273 seconds .

========================================================================
Received Import Request.
  Time since last request: 0.019574 seconds.
  path: Assets/Prefabs/Obstacle.prefab
  artifactKey: Guid(9f10ed40f7c85c74fbce8ce114be3b39) Importer(815301076,1909f56bfc062723c751e8b465ee728b)
Start importing Assets/Prefabs/Obstacle.prefab using Guid(9f10ed40f7c85c74fbce8ce114be3b39) Importer(815301076,1909f56bfc062723c751e8b465ee728b)  -> (artifact id: 'ad30ce0f9e3c7673e64fc7e9ed4c214c') in 0.008329 seconds
  Import took 0.010907 seconds .

========================================================================
Received Import Request.
  Time since last request: 1.319398 seconds.
  path: Assets/Prefabs/Player.prefab
  artifactKey: Guid(a3e0f044cc70c894bb52c4708c9d5e58) Importer(815301076,1909f56bfc062723c751e8b465ee728b)
Start importing Assets/Prefabs/Player.prefab using Guid(a3e0f044cc70c894bb52c4708c9d5e58) Importer(815301076,1909f56bfc062723c751e8b465ee728b)  -> (artifact id: '43b94fa1a705bc0a65c2f9f83f9fe101') in 0.009769 seconds
  Import took 0.012677 seconds .

========================================================================
Received Import Request.
  Time since last request: 0.032862 seconds.
  path: Assets/Prefabs/Player.prefab
  artifactKey: Guid(a3e0f044cc70c894bb52c4708c9d5e58) Importer(815301076,1909f56bfc062723c751e8b465ee728b)
Start importing Assets/Prefabs/Player.prefab using Guid(a3e0f044cc70c894bb52c4708c9d5e58) Importer(815301076,1909f56bfc062723c751e8b465ee728b)  -> (artifact id: '43b94fa1a705bc0a65c2f9f83f9fe101') in 0.007667 seconds
  Import took 0.010281 seconds .

========================================================================
Received Import Request.
  Time since last request: 3.447954 seconds.
  path: Assets/Prefabs/Arena.prefab
  artifactKey: Guid(005723b0ffb1e034a9c594d5146691a2) Importer(815301076,1909f56bfc062723c751e8b465ee728b)
Start importing Assets/Prefabs/Arena.prefab using Guid(005723b0ffb1e034a9c594d5146691a2) Importer(815301076,1909f56bfc062723c751e8b465ee728b)  -> (artifact id: 'be6b49dfd28fa42d1700d443b71f333a') in 0.011997 seconds
  Import took 0.015040 seconds .

========================================================================
Received Import Request.
  Time since last request: 0.014591 seconds.
  path: Assets/Prefabs/Arena.prefab
  artifactKey: Guid(005723b0ffb1e034a9c594d5146691a2) Importer(815301076,1909f56bfc062723c751e8b465ee728b)
Start importing Assets/Prefabs/Arena.prefab using Guid(005723b0ffb1e034a9c594d5146691a2) Importer(815301076,1909f56bfc062723c751e8b465ee728b)  -> (artifact id: 'be6b49dfd28fa42d1700d443b71f333a') in 0.009454 seconds
  Import took 0.012106 seconds .

========================================================================
Received Import Request.
  Time since last request: 74.020966 seconds.
  path: Assets/Script/RotatorController.cs
  artifactKey: Guid(792c602ac7a720f48a2c21eea7f7bed0) Importer(815301076,1909f56bfc062723c751e8b465ee728b)
Start importing Assets/Script/RotatorController.cs using Guid(792c602ac7a720f48a2c21eea7f7bed0) Importer(815301076,1909f56bfc062723c751e8b465ee728b)  -> (artifact id: '36ae484c8cf5aec4cd1db7835d000556') in 0.002782 seconds
  Import took 0.005350 seconds .

========================================================================
Received Prepare
Registering precompiled user dll's ...
Registered in 0.000710 seconds.
Begin MonoManager ReloadAssembly
Native extension for WindowsStandalone target not found
Refreshing native plugins compatible for Editor in 0.29 ms, found 0 plugins.
Preloading 0 native plugins for Editor in 0.00 ms.
Invoked RoslynAnalysisRunner static constructor.
RoslynAnalysisRunner will not be running.
RoslynAnalysisRunner has terminated.
Mono: successfully reloaded assembly
- Completed reload, in  0.745 seconds
Platform modules already initialized, skipping
Refreshing native plugins compatible for Editor in 0.27 ms, found 0 plugins.
Preloading 0 native plugins for Editor in 0.00 ms.
Unloading 1242 Unused Serialized files (Serialized files now loaded: 0)
System memory in use before: 66.3 MB.
System memory in use after: 66.4 MB.

Unloading 7 unused Assets to reduce memory usage. Loaded Objects now: 1768.
Total: 2.455900 ms (FindLiveObjects: 0.320300 ms CreateObjectMapping: 0.081000 ms MarkObjects: 1.981700 ms  DeleteObjects: 0.071100 ms)

========================================================================
Received Import Request.
  Time since last request: 18.843531 seconds.
  path: Assets/Script/RotatorController.cs
  artifactKey: Guid(792c602ac7a720f48a2c21eea7f7bed0) Importer(815301076,1909f56bfc062723c751e8b465ee728b)
Start importing Assets/Script/RotatorController.cs using Guid(792c602ac7a720f48a2c21eea7f7bed0) Importer(815301076,1909f56bfc062723c751e8b465ee728b)  -> (artifact id: 'd957ceec9e265b5ceb76d499e5d402c1') in 0.004258 seconds
  Import took 0.007639 seconds .

========================================================================
Received Import Request.
  Time since last request: 6.762344 seconds.
  path: Assets/Prefabs/Rotators.prefab
  artifactKey: Guid(c66035239afe2664491d2bec62b4258f) Importer(815301076,1909f56bfc062723c751e8b465ee728b)
Start importing Assets/Prefabs/Rotators.prefab using Guid(c66035239afe2664491d2bec62b4258f) Importer(815301076,1909f56bfc062723c751e8b465ee728b)  -> (artifact id: 'a329897bee2e94e39d3d84b89e7fb711') in 0.052974 seconds
  Import took 0.056149 seconds .

========================================================================
Received Import Request.
  Time since last request: 4.333368 seconds.
  path: Assets/Prefabs/Rotators.prefab
  artifactKey: Guid(c66035239afe2664491d2bec62b4258f) Importer(815301076,1909f56bfc062723c751e8b465ee728b)
Start importing Assets/Prefabs/Rotators.prefab using Guid(c66035239afe2664491d2bec62b4258f) Importer(815301076,1909f56bfc062723c751e8b465ee728b)  -> (artifact id: '4ec15f250a410ef094d75ab11e53da4d') in 0.008419 seconds
  Import took 0.010963 seconds .

========================================================================
Received Import Request.
  Time since last request: 0.020678 seconds.
  path: Assets/Prefabs/Rotators.prefab
  artifactKey: Guid(c66035239afe2664491d2bec62b4258f) Importer(815301076,1909f56bfc062723c751e8b465ee728b)
Start importing Assets/Prefabs/Rotators.prefab using Guid(c66035239afe2664491d2bec62b4258f) Importer(815301076,1909f56bfc062723c751e8b465ee728b)  -> (artifact id: '4ec15f250a410ef094d75ab11e53da4d') in 0.008322 seconds
  Import took 0.011471 seconds .

========================================================================
Received Prepare
Registering precompiled user dll's ...
Registered in 0.000619 seconds.
Begin MonoManager ReloadAssembly
Native extension for WindowsStandalone target not found
Refreshing native plugins compatible for Editor in 0.27 ms, found 0 plugins.
Preloading 0 native plugins for Editor in 0.00 ms.
Invoked RoslynAnalysisRunner static constructor.
RoslynAnalysisRunner will not be running.
RoslynAnalysisRunner has terminated.
Mono: successfully reloaded assembly
- Completed reload, in  0.705 seconds
Platform modules already initialized, skipping
Refreshing native plugins compatible for Editor in 0.27 ms, found 0 plugins.
Preloading 0 native plugins for Editor in 0.00 ms.
Unloading 1242 Unused Serialized files (Serialized files now loaded: 0)
System memory in use before: 66.5 MB.
System memory in use after: 66.6 MB.

Unloading 7 unused Assets to reduce memory usage. Loaded Objects now: 1771.
Total: 2.149800 ms (FindLiveObjects: 0.322600 ms CreateObjectMapping: 0.083300 ms MarkObjects: 1.669700 ms  DeleteObjects: 0.071300 ms)

========================================================================
Received Import Request.
  Time since last request: 36.534787 seconds.
  path: Assets/Prefabs/Rotators.prefab
  artifactKey: Guid(c66035239afe2664491d2bec62b4258f) Importer(815301076,1909f56bfc062723c751e8b465ee728b)
Start importing Assets/Prefabs/Rotators.prefab using Guid(c66035239afe2664491d2bec62b4258f) Importer(815301076,1909f56bfc062723c751e8b465ee728b)  -> (artifact id: 'b8b2ec16e51080696916d1c6cffa5b96') in 0.053139 seconds
  Import took 0.057100 seconds .

========================================================================
Received Import Request.
  Time since last request: 6.477814 seconds.
  path: Assets/Prefabs/Rotators.prefab
  artifactKey: Guid(c66035239afe2664491d2bec62b4258f) Importer(815301076,1909f56bfc062723c751e8b465ee728b)
Start importing Assets/Prefabs/Rotators.prefab using Guid(c66035239afe2664491d2bec62b4258f) Importer(815301076,1909f56bfc062723c751e8b465ee728b)  -> (artifact id: '5cabacd9f28d32b5ae9a6d973bf2ed56') in 0.007862 seconds
  Import took 0.010665 seconds .

========================================================================
Received Import Request.
  Time since last request: 0.032541 seconds.
  path: Assets/Prefabs/Rotators.prefab
  artifactKey: Guid(c66035239afe2664491d2bec62b4258f) Importer(815301076,1909f56bfc062723c751e8b465ee728b)
Start importing Assets/Prefabs/Rotators.prefab using Guid(c66035239afe2664491d2bec62b4258f) Importer(815301076,1909f56bfc062723c751e8b465ee728b)  -> (artifact id: '5cabacd9f28d32b5ae9a6d973bf2ed56') in 0.007797 seconds
  Import took 0.010661 seconds .

========================================================================
Received Import Request.
  Time since last request: 1.150918 seconds.
  path: Assets/Prefabs/Rotators.prefab
  artifactKey: Guid(c66035239afe2664491d2bec62b4258f) Importer(815301076,1909f56bfc062723c751e8b465ee728b)
Start importing Assets/Prefabs/Rotators.prefab using Guid(c66035239afe2664491d2bec62b4258f) Importer(815301076,1909f56bfc062723c751e8b465ee728b)  -> (artifact id: '50e03c334331219098c2ebea941fb2ab') in 0.007764 seconds
  Import took 0.010602 seconds .

========================================================================
Received Import Request.
  Time since last request: 0.030729 seconds.
  path: Assets/Prefabs/Rotators.prefab
  artifactKey: Guid(c66035239afe2664491d2bec62b4258f) Importer(815301076,1909f56bfc062723c751e8b465ee728b)
Start importing Assets/Prefabs/Rotators.prefab using Guid(c66035239afe2664491d2bec62b4258f) Importer(815301076,1909f56bfc062723c751e8b465ee728b)  -> (artifact id: '50e03c334331219098c2ebea941fb2ab') in 0.007694 seconds
  Import took 0.011052 seconds .

========================================================================
Received Import Request.
  Time since last request: 1.364296 seconds.
  path: Assets/Prefabs/Rotators.prefab
  artifactKey: Guid(c66035239afe2664491d2bec62b4258f) Importer(815301076,1909f56bfc062723c751e8b465ee728b)
Start importing Assets/Prefabs/Rotators.prefab using Guid(c66035239afe2664491d2bec62b4258f) Importer(815301076,1909f56bfc062723c751e8b465ee728b)  -> (artifact id: '77577ec1f69c39958a790397c94d4d30') in 0.008064 seconds
  Import took 0.011419 seconds .

========================================================================
Received Import Request.
  Time since last request: 0.029582 seconds.
  path: Assets/Prefabs/Rotators.prefab
  artifactKey: Guid(c66035239afe2664491d2bec62b4258f) Importer(815301076,1909f56bfc062723c751e8b465ee728b)
Start importing Assets/Prefabs/Rotators.prefab using Guid(c66035239afe2664491d2bec62b4258f) Importer(815301076,1909f56bfc062723c751e8b465ee728b)  -> (artifact id: '77577ec1f69c39958a790397c94d4d30') in 0.009077 seconds
  Import took 0.011813 seconds .

========================================================================
Received Import Request.
  Time since last request: 0.353767 seconds.
  path: Assets/Prefabs/Rotators.prefab
  artifactKey: Guid(c66035239afe2664491d2bec62b4258f) Importer(815301076,1909f56bfc062723c751e8b465ee728b)
Start importing Assets/Prefabs/Rotators.prefab using Guid(c66035239afe2664491d2bec62b4258f) Importer(815301076,1909f56bfc062723c751e8b465ee728b)  -> (artifact id: '549001e229f20dd9b23bf1173fffbadb') in 0.009575 seconds
  Import took 0.013037 seconds .

========================================================================
Received Import Request.
  Time since last request: 0.031857 seconds.
  path: Assets/Prefabs/Rotators.prefab
  artifactKey: Guid(c66035239afe2664491d2bec62b4258f) Importer(815301076,1909f56bfc062723c751e8b465ee728b)
Start importing Assets/Prefabs/Rotators.prefab using Guid(c66035239afe2664491d2bec62b4258f) Importer(815301076,1909f56bfc062723c751e8b465ee728b)  -> (artifact id: '549001e229f20dd9b23bf1173fffbadb') in 0.007338 seconds
  Import took 0.010525 seconds .

========================================================================
Received Import Request.
  Time since last request: 0.350579 seconds.
  path: Assets/Prefabs/Rotators.prefab
  artifactKey: Guid(c66035239afe2664491d2bec62b4258f) Importer(815301076,1909f56bfc062723c751e8b465ee728b)
Start importing Assets/Prefabs/Rotators.prefab using Guid(c66035239afe2664491d2bec62b4258f) Importer(815301076,1909f56bfc062723c751e8b465ee728b)  -> (artifact id: 'd2a8358d0c4d3c5eab11ef9af3ca211a') in 0.008201 seconds
  Import took 0.010848 seconds .

========================================================================
Received Import Request.
  Time since last request: 0.028410 seconds.
  path: Assets/Prefabs/Rotators.prefab
  artifactKey: Guid(c66035239afe2664491d2bec62b4258f) Importer(815301076,1909f56bfc062723c751e8b465ee728b)
Start importing Assets/Prefabs/Rotators.prefab using Guid(c66035239afe2664491d2bec62b4258f) Importer(815301076,1909f56bfc062723c751e8b465ee728b)  -> (artifact id: 'd2a8358d0c4d3c5eab11ef9af3ca211a') in 0.008722 seconds
  Import took 0.012160 seconds .

========================================================================
Received Prepare
Registering precompiled user dll's ...
Registered in 0.000875 seconds.
Begin MonoManager ReloadAssembly
Native extension for WindowsStandalone target not found
Refreshing native plugins compatible for Editor in 0.29 ms, found 0 plugins.
Preloading 0 native plugins for Editor in 0.00 ms.
Invoked RoslynAnalysisRunner static constructor.
RoslynAnalysisRunner will not be running.
RoslynAnalysisRunner has terminated.
Mono: successfully reloaded assembly
- Completed reload, in  0.708 seconds
Platform modules already initialized, skipping
Refreshing native plugins compatible for Editor in 0.29 ms, found 0 plugins.
Preloading 0 native plugins for Editor in 0.00 ms.
Unloading 1242 Unused Serialized files (Serialized files now loaded: 0)
System memory in use before: 66.6 MB.
System memory in use after: 66.7 MB.

Unloading 7 unused Assets to reduce memory usage. Loaded Objects now: 1774.
Total: 2.646200 ms (FindLiveObjects: 0.202600 ms CreateObjectMapping: 0.030800 ms MarkObjects: 2.328800 ms  DeleteObjects: 0.082600 ms)

========================================================================
Received Import Request.
  Time since last request: 21.870025 seconds.
  path: Assets/Prefabs/Rotators.prefab
  artifactKey: Guid(c66035239afe2664491d2bec62b4258f) Importer(815301076,1909f56bfc062723c751e8b465ee728b)
Start importing Assets/Prefabs/Rotators.prefab using Guid(c66035239afe2664491d2bec62b4258f) Importer(815301076,1909f56bfc062723c751e8b465ee728b)  -> (artifact id: '32d37f2829f7e8b01202718a3c0a6fac') in 0.056258 seconds
  Import took 0.058913 seconds .

========================================================================
Received Import Request.
  Time since last request: 1.521287 seconds.
  path: Assets/Prefabs/Rotators.prefab
  artifactKey: Guid(c66035239afe2664491d2bec62b4258f) Importer(815301076,1909f56bfc062723c751e8b465ee728b)
Start importing Assets/Prefabs/Rotators.prefab using Guid(c66035239afe2664491d2bec62b4258f) Importer(815301076,1909f56bfc062723c751e8b465ee728b)  -> (artifact id: '32d37f2829f7e8b01202718a3c0a6fac') in 0.008108 seconds
  Import took 0.010935 seconds .

========================================================================
Received Prepare
Registering precompiled user dll's ...
Registered in 0.000729 seconds.
Begin MonoManager ReloadAssembly
Native extension for WindowsStandalone target not found
Refreshing native plugins compatible for Editor in 0.27 ms, found 0 plugins.
Preloading 0 native plugins for Editor in 0.00 ms.
Invoked RoslynAnalysisRunner static constructor.
RoslynAnalysisRunner will not be running.
RoslynAnalysisRunner has terminated.
Mono: successfully reloaded assembly
- Completed reload, in  0.665 seconds
Platform modules already initialized, skipping
Refreshing native plugins compatible for Editor in 0.28 ms, found 0 plugins.
Preloading 0 native plugins for Editor in 0.00 ms.
Unloading 1242 Unused Serialized files (Serialized files now loaded: 0)
System memory in use before: 66.8 MB.
System memory in use after: 66.9 MB.

Unloading 7 unused Assets to reduce memory usage. Loaded Objects now: 1777.
Total: 2.481700 ms (FindLiveObjects: 0.320100 ms CreateObjectMapping: 0.077200 ms MarkObjects: 2.008100 ms  DeleteObjects: 0.073800 ms)

========================================================================
Received Import Request.
  Time since last request: 16.326208 seconds.
  path: Assets/Prefabs/Rotators.prefab
  artifactKey: Guid(c66035239afe2664491d2bec62b4258f) Importer(815301076,1909f56bfc062723c751e8b465ee728b)
Start importing Assets/Prefabs/Rotators.prefab using Guid(c66035239afe2664491d2bec62b4258f) Importer(815301076,1909f56bfc062723c751e8b465ee728b)  -> (artifact id: '237dac7c0b72f475bfd479650087b575') in 0.049791 seconds
  Import took 0.052508 seconds .

========================================================================
Received Prepare
Registering precompiled user dll's ...
Registered in 0.000625 seconds.
Begin MonoManager ReloadAssembly
Native extension for WindowsStandalone target not found
Refreshing native plugins compatible for Editor in 0.32 ms, found 0 plugins.
Preloading 0 native plugins for Editor in 0.00 ms.
Invoked RoslynAnalysisRunner static constructor.
RoslynAnalysisRunner will not be running.
RoslynAnalysisRunner has terminated.
Mono: successfully reloaded assembly
- Completed reload, in  0.694 seconds
Platform modules already initialized, skipping
Refreshing native plugins compatible for Editor in 0.27 ms, found 0 plugins.
Preloading 0 native plugins for Editor in 0.00 ms.
Unloading 1242 Unused Serialized files (Serialized files now loaded: 0)
System memory in use before: 66.9 MB.
System memory in use after: 67.0 MB.

Unloading 7 unused Assets to reduce memory usage. Loaded Objects now: 1780.
Total: 1.935500 ms (FindLiveObjects: 0.245600 ms CreateObjectMapping: 0.055900 ms MarkObjects: 1.559600 ms  DeleteObjects: 0.072800 ms)

========================================================================
Received Prepare
Registering precompiled user dll's ...
Registered in 0.000661 seconds.
Begin MonoManager ReloadAssembly
Native extension for WindowsStandalone target not found
Refreshing native plugins compatible for Editor in 0.30 ms, found 0 plugins.
Preloading 0 native plugins for Editor in 0.00 ms.
Invoked RoslynAnalysisRunner static constructor.
RoslynAnalysisRunner will not be running.
RoslynAnalysisRunner has terminated.
Mono: successfully reloaded assembly
- Completed reload, in  0.711 seconds
Platform modules already initialized, skipping
Refreshing native plugins compatible for Editor in 0.27 ms, found 0 plugins.
Preloading 0 native plugins for Editor in 0.00 ms.
Unloading 1242 Unused Serialized files (Serialized files now loaded: 0)
System memory in use before: 66.1 MB.
System memory in use after: 66.1 MB.

Unloading 6 unused Assets to reduce memory usage. Loaded Objects now: 1782.
Total: 2.354500 ms (FindLiveObjects: 0.326300 ms CreateObjectMapping: 0.080000 ms MarkObjects: 1.876800 ms  DeleteObjects: 0.069400 ms)

========================================================================
Received Import Request.
  Time since last request: 559.699575 seconds.
  path: Assets/Prefabs/Rotators.prefab
  artifactKey: Guid(c66035239afe2664491d2bec62b4258f) Importer(815301076,1909f56bfc062723c751e8b465ee728b)
Start importing Assets/Prefabs/Rotators.prefab using Guid(c66035239afe2664491d2bec62b4258f) Importer(815301076,1909f56bfc062723c751e8b465ee728b)  -> (artifact id: '5c89eac1a03bbd97753142c9bcf7c34f') in 0.056316 seconds
  Import took 0.058919 seconds .

========================================================================
Received Import Request.
  Time since last request: 55.604791 seconds.
  path: Assets/Prefabs/Roller.prefab
  artifactKey: Guid(9f10ed40f7c85c74fbce8ce114be3b39) Importer(815301076,1909f56bfc062723c751e8b465ee728b)
Start importing Assets/Prefabs/Roller.prefab using Guid(9f10ed40f7c85c74fbce8ce114be3b39) Importer(815301076,1909f56bfc062723c751e8b465ee728b)  -> (artifact id: 'eac050a2fb1c1b745b8907c5e5e486f9') in 0.009018 seconds
  Import took 0.012314 seconds .

========================================================================
Received Import Request.
  Time since last request: 0.021502 seconds.
  path: Assets/Prefabs/Roller.prefab
  artifactKey: Guid(9f10ed40f7c85c74fbce8ce114be3b39) Importer(815301076,1909f56bfc062723c751e8b465ee728b)
Start importing Assets/Prefabs/Roller.prefab using Guid(9f10ed40f7c85c74fbce8ce114be3b39) Importer(815301076,1909f56bfc062723c751e8b465ee728b)  -> (artifact id: 'eac050a2fb1c1b745b8907c5e5e486f9') in 0.009144 seconds
  Import took 0.011789 seconds .

========================================================================
Received Prepare
Registering precompiled user dll's ...
Registered in 0.000684 seconds.
Begin MonoManager ReloadAssembly
Native extension for WindowsStandalone target not found
Refreshing native plugins compatible for Editor in 0.35 ms, found 0 plugins.
Preloading 0 native plugins for Editor in 0.00 ms.
Invoked RoslynAnalysisRunner static constructor.
RoslynAnalysisRunner will not be running.
RoslynAnalysisRunner has terminated.
Mono: successfully reloaded assembly
- Completed reload, in  0.738 seconds
Platform modules already initialized, skipping
Refreshing native plugins compatible for Editor in 0.29 ms, found 0 plugins.
Preloading 0 native plugins for Editor in 0.00 ms.
Unloading 1242 Unused Serialized files (Serialized files now loaded: 0)
System memory in use before: 66.2 MB.
System memory in use after: 66.3 MB.

Unloading 7 unused Assets to reduce memory usage. Loaded Objects now: 1785.
Total: 2.894900 ms (FindLiveObjects: 0.328600 ms CreateObjectMapping: 0.090000 ms MarkObjects: 2.397900 ms  DeleteObjects: 0.076100 ms)

========================================================================
Received Import Request.
  Time since last request: 285.622524 seconds.
  path: Assets/Prefabs/Roller.prefab
  artifactKey: Guid(9f10ed40f7c85c74fbce8ce114be3b39) Importer(815301076,1909f56bfc062723c751e8b465ee728b)
Start importing Assets/Prefabs/Roller.prefab using Guid(9f10ed40f7c85c74fbce8ce114be3b39) Importer(815301076,1909f56bfc062723c751e8b465ee728b)  -> (artifact id: '4732d69e986d25d8d37211f9d9c6be9f') in 0.047634 seconds
  Import took 0.056394 seconds .

========================================================================
Received Prepare
Registering precompiled user dll's ...
Registered in 0.000715 seconds.
Begin MonoManager ReloadAssembly
Native extension for WindowsStandalone target not found
Refreshing native plugins compatible for Editor in 0.29 ms, found 0 plugins.
Preloading 0 native plugins for Editor in 0.00 ms.
Invoked RoslynAnalysisRunner static constructor.
RoslynAnalysisRunner will not be running.
RoslynAnalysisRunner has terminated.
Mono: successfully reloaded assembly
- Completed reload, in  0.690 seconds
Platform modules already initialized, skipping
Refreshing native plugins compatible for Editor in 0.30 ms, found 0 plugins.
Preloading 0 native plugins for Editor in 0.00 ms.
Unloading 1242 Unused Serialized files (Serialized files now loaded: 0)
System memory in use before: 66.4 MB.
System memory in use after: 66.4 MB.

Unloading 7 unused Assets to reduce memory usage. Loaded Objects now: 1788.
Total: 2.401800 ms (FindLiveObjects: 0.256700 ms CreateObjectMapping: 0.057100 ms MarkObjects: 1.999700 ms  DeleteObjects: 0.086700 ms)

========================================================================
Received Import Request.
  Time since last request: 180.744010 seconds.
  path: Assets/Prefabs/Rotators.prefab
  artifactKey: Guid(c66035239afe2664491d2bec62b4258f) Importer(815301076,1909f56bfc062723c751e8b465ee728b)
Start importing Assets/Prefabs/Rotators.prefab using Guid(c66035239afe2664491d2bec62b4258f) Importer(815301076,1909f56bfc062723c751e8b465ee728b)  -> (artifact id: '796e14cec2d0c14c8633d510d8d28a1b') in 0.054331 seconds
  Import took 0.057142 seconds .

========================================================================
Received Import Request.
  Time since last request: 0.000359 seconds.
  path: Assets/Prefabs/Rotators.prefab
  artifactKey: Guid(c66035239afe2664491d2bec62b4258f) Importer(815301076,1909f56bfc062723c751e8b465ee728b)
Start importing Assets/Prefabs/Rotators.prefab using Guid(c66035239afe2664491d2bec62b4258f) Importer(815301076,1909f56bfc062723c751e8b465ee728b)  -> (artifact id: '796e14cec2d0c14c8633d510d8d28a1b') in 0.008416 seconds
  Import took 0.011097 seconds .

========================================================================
Received Prepare
Registering precompiled user dll's ...
Registered in 0.000603 seconds.
Begin MonoManager ReloadAssembly
Native extension for WindowsStandalone target not found
Refreshing native plugins compatible for Editor in 0.27 ms, found 0 plugins.
Preloading 0 native plugins for Editor in 0.00 ms.
Invoked RoslynAnalysisRunner static constructor.
RoslynAnalysisRunner will not be running.
RoslynAnalysisRunner has terminated.
Mono: successfully reloaded assembly
- Completed reload, in  0.688 seconds
Platform modules already initialized, skipping
Refreshing native plugins compatible for Editor in 0.28 ms, found 0 plugins.
Preloading 0 native plugins for Editor in 0.00 ms.
Unloading 1242 Unused Serialized files (Serialized files now loaded: 0)
System memory in use before: 66.5 MB.
System memory in use after: 66.6 MB.

Unloading 7 unused Assets to reduce memory usage. Loaded Objects now: 1791.
Total: 2.393300 ms (FindLiveObjects: 0.269000 ms CreateObjectMapping: 0.056400 ms MarkObjects: 1.987300 ms  DeleteObjects: 0.078600 ms)

========================================================================
Received Import Request.
  Time since last request: 154.066416 seconds.
  path: Assets/Prefabs/Separator.prefab
  artifactKey: Guid(3a83f1470ddf22a4799ea89ad52ff725) Importer(815301076,1909f56bfc062723c751e8b465ee728b)
Start importing Assets/Prefabs/Separator.prefab using Guid(3a83f1470ddf22a4799ea89ad52ff725) Importer(815301076,1909f56bfc062723c751e8b465ee728b)  -> (artifact id: 'ed261232ee547d50901f92cf96cc5db9') in 0.047990 seconds
  Import took 0.051420 seconds .

========================================================================
Received Import Request.
  Time since last request: 356.588589 seconds.
  path: Assets/Script/ObstacleController.cs
  artifactKey: Guid(550bfbd2dc015614db008631da36df41) Importer(815301076,1909f56bfc062723c751e8b465ee728b)
Start importing Assets/Script/ObstacleController.cs using Guid(550bfbd2dc015614db008631da36df41) Importer(815301076,1909f56bfc062723c751e8b465ee728b)  -> (artifact id: '267bc6d3dfd383b1cde3b1eeb2d2668c') in 0.001810 seconds
  Import took 0.010197 seconds .

========================================================================
Received Prepare
Registering precompiled user dll's ...
Registered in 0.000823 seconds.
Begin MonoManager ReloadAssembly
Native extension for WindowsStandalone target not found
Refreshing native plugins compatible for Editor in 0.27 ms, found 0 plugins.
Preloading 0 native plugins for Editor in 0.00 ms.
Invoked RoslynAnalysisRunner static constructor.
RoslynAnalysisRunner will not be running.
RoslynAnalysisRunner has terminated.
Mono: successfully reloaded assembly
- Completed reload, in  0.735 seconds
Platform modules already initialized, skipping
Refreshing native plugins compatible for Editor in 0.27 ms, found 0 plugins.
Preloading 0 native plugins for Editor in 0.00 ms.
Unloading 1242 Unused Serialized files (Serialized files now loaded: 0)
System memory in use before: 66.7 MB.
System memory in use after: 66.7 MB.

Unloading 7 unused Assets to reduce memory usage. Loaded Objects now: 1794.
Total: 1.866000 ms (FindLiveObjects: 0.219500 ms CreateObjectMapping: 0.029800 ms MarkObjects: 1.536400 ms  DeleteObjects: 0.079000 ms)

========================================================================
Received Import Request.
  Time since last request: 53.938363 seconds.
  path: Assets/Prefabs/Roller.prefab
  artifactKey: Guid(9f10ed40f7c85c74fbce8ce114be3b39) Importer(815301076,1909f56bfc062723c751e8b465ee728b)
Start importing Assets/Prefabs/Roller.prefab using Guid(9f10ed40f7c85c74fbce8ce114be3b39) Importer(815301076,1909f56bfc062723c751e8b465ee728b)  -> (artifact id: 'ebc8ce968b676a3a715fada42e9987f1') in 0.059786 seconds
  Import took 0.063688 seconds .

========================================================================
Received Import Request.
  Time since last request: 9.301837 seconds.
  path: Assets/Prefabs/Roller.prefab
  artifactKey: Guid(9f10ed40f7c85c74fbce8ce114be3b39) Importer(815301076,1909f56bfc062723c751e8b465ee728b)
Start importing Assets/Prefabs/Roller.prefab using Guid(9f10ed40f7c85c74fbce8ce114be3b39) Importer(815301076,1909f56bfc062723c751e8b465ee728b)  -> (artifact id: '734bce88e87f46891b6547cf4cb085a2') in 0.007458 seconds
  Import took 0.009887 seconds .

========================================================================
Received Import Request.
  Time since last request: 0.031229 seconds.
  path: Assets/Prefabs/Roller.prefab
  artifactKey: Guid(9f10ed40f7c85c74fbce8ce114be3b39) Importer(815301076,1909f56bfc062723c751e8b465ee728b)
Start importing Assets/Prefabs/Roller.prefab using Guid(9f10ed40f7c85c74fbce8ce114be3b39) Importer(815301076,1909f56bfc062723c751e8b465ee728b)  -> (artifact id: '734bce88e87f46891b6547cf4cb085a2') in 0.007777 seconds
  Import took 0.010535 seconds .

========================================================================
Received Prepare
Registering precompiled user dll's ...
Registered in 0.000615 seconds.
Begin MonoManager ReloadAssembly
Native extension for WindowsStandalone target not found
Refreshing native plugins compatible for Editor in 0.29 ms, found 0 plugins.
Preloading 0 native plugins for Editor in 0.00 ms.
Invoked RoslynAnalysisRunner static constructor.
RoslynAnalysisRunner will not be running.
RoslynAnalysisRunner has terminated.
Mono: successfully reloaded assembly
- Completed reload, in  0.730 seconds
Platform modules already initialized, skipping
Refreshing native plugins compatible for Editor in 0.28 ms, found 0 plugins.
Preloading 0 native plugins for Editor in 0.00 ms.
Unloading 1242 Unused Serialized files (Serialized files now loaded: 0)
System memory in use before: 66.8 MB.
System memory in use after: 66.9 MB.

Unloading 7 unused Assets to reduce memory usage. Loaded Objects now: 1797.
Total: 2.985000 ms (FindLiveObjects: 0.336300 ms CreateObjectMapping: 0.089200 ms MarkObjects: 2.482000 ms  DeleteObjects: 0.075600 ms)

========================================================================
Received Prepare
Registering precompiled user dll's ...
Registered in 0.000919 seconds.
Begin MonoManager ReloadAssembly
Native extension for WindowsStandalone target not found
Refreshing native plugins compatible for Editor in 0.30 ms, found 0 plugins.
Preloading 0 native plugins for Editor in 0.00 ms.
Invoked RoslynAnalysisRunner static constructor.
RoslynAnalysisRunner will not be running.
RoslynAnalysisRunner has terminated.
Mono: successfully reloaded assembly
- Completed reload, in  0.729 seconds
Platform modules already initialized, skipping
Refreshing native plugins compatible for Editor in 0.28 ms, found 0 plugins.
Preloading 0 native plugins for Editor in 0.00 ms.
Unloading 1242 Unused Serialized files (Serialized files now loaded: 0)
System memory in use before: 66.9 MB.
System memory in use after: 67.0 MB.

Unloading 6 unused Assets to reduce memory usage. Loaded Objects now: 1799.
Total: 2.759200 ms (FindLiveObjects: 0.260900 ms CreateObjectMapping: 0.062800 ms MarkObjects: 2.354200 ms  DeleteObjects: 0.080100 ms)

========================================================================
Received Prepare
Registering precompiled user dll's ...
Registered in 0.000874 seconds.
Begin MonoManager ReloadAssembly
Native extension for WindowsStandalone target not found
Refreshing native plugins compatible for Editor in 0.27 ms, found 0 plugins.
Preloading 0 native plugins for Editor in 0.00 ms.
Invoked RoslynAnalysisRunner static constructor.
RoslynAnalysisRunner will not be running.
RoslynAnalysisRunner has terminated.
Mono: successfully reloaded assembly
- Completed reload, in  0.699 seconds
Platform modules already initialized, skipping
Refreshing native plugins compatible for Editor in 0.27 ms, found 0 plugins.
Preloading 0 native plugins for Editor in 0.00 ms.
Unloading 1242 Unused Serialized files (Serialized files now loaded: 0)
System memory in use before: 66.1 MB.
System memory in use after: 66.2 MB.

Unloading 6 unused Assets to reduce memory usage. Loaded Objects now: 1801.
Total: 1.998900 ms (FindLiveObjects: 0.213700 ms CreateObjectMapping: 0.032200 ms MarkObjects: 1.676600 ms  DeleteObjects: 0.075300 ms)

========================================================================
Received Prepare
Registering precompiled user dll's ...
Registered in 0.000562 seconds.
Begin MonoManager ReloadAssembly
Native extension for WindowsStandalone target not found
Refreshing native plugins compatible for Editor in 0.27 ms, found 0 plugins.
Preloading 0 native plugins for Editor in 0.00 ms.
Invoked RoslynAnalysisRunner static constructor.
RoslynAnalysisRunner will not be running.
RoslynAnalysisRunner has terminated.
Mono: successfully reloaded assembly
- Completed reload, in  0.716 seconds
Platform modules already initialized, skipping
Refreshing native plugins compatible for Editor in 0.27 ms, found 0 plugins.
Preloading 0 native plugins for Editor in 0.00 ms.
Unloading 1242 Unused Serialized files (Serialized files now loaded: 0)
System memory in use before: 66.2 MB.
System memory in use after: 66.3 MB.

Unloading 6 unused Assets to reduce memory usage. Loaded Objects now: 1803.
Total: 2.438300 ms (FindLiveObjects: 0.311800 ms CreateObjectMapping: 0.075800 ms MarkObjects: 1.952500 ms  DeleteObjects: 0.095900 ms)

========================================================================
Received Import Request.
  Time since last request: 1580.254272 seconds.
  path: Assets/Script/ObstacleController.cs
  artifactKey: Guid(550bfbd2dc015614db008631da36df41) Importer(815301076,1909f56bfc062723c751e8b465ee728b)
Start importing Assets/Script/ObstacleController.cs using Guid(550bfbd2dc015614db008631da36df41) Importer(815301076,1909f56bfc062723c751e8b465ee728b)  -> (artifact id: '62d2cfac0e37baf98e02309b57739827') in 0.004338 seconds
  Import took 0.006975 seconds .

========================================================================
Received Prepare
Registering precompiled user dll's ...
Registered in 0.000639 seconds.
Begin MonoManager ReloadAssembly
Native extension for WindowsStandalone target not found
Refreshing native plugins compatible for Editor in 0.29 ms, found 0 plugins.
Preloading 0 native plugins for Editor in 0.00 ms.
Invoked RoslynAnalysisRunner static constructor.
RoslynAnalysisRunner will not be running.
RoslynAnalysisRunner has terminated.
Mono: successfully reloaded assembly
- Completed reload, in  0.734 seconds
Platform modules already initialized, skipping
Refreshing native plugins compatible for Editor in 0.30 ms, found 0 plugins.
Preloading 0 native plugins for Editor in 0.00 ms.
Unloading 1242 Unused Serialized files (Serialized files now loaded: 0)
System memory in use before: 66.4 MB.
System memory in use after: 66.5 MB.

Unloading 6 unused Assets to reduce memory usage. Loaded Objects now: 1805.
Total: 2.418900 ms (FindLiveObjects: 0.358300 ms CreateObjectMapping: 0.089500 ms MarkObjects: 1.895000 ms  DeleteObjects: 0.073700 ms)

========================================================================
Received Import Request.
  Time since last request: 172.620395 seconds.
  path: Assets/Script/ObstacleController.cs
  artifactKey: Guid(550bfbd2dc015614db008631da36df41) Importer(815301076,1909f56bfc062723c751e8b465ee728b)
Start importing Assets/Script/ObstacleController.cs using Guid(550bfbd2dc015614db008631da36df41) Importer(815301076,1909f56bfc062723c751e8b465ee728b)  -> (artifact id: 'efa47b85f52d6893d13800bd3de77b1d') in 0.003846 seconds
  Import took 0.006638 seconds .

========================================================================
Received Import Request.
  Time since last request: 1.348368 seconds.
  path: Assets/Script/ObstacleController.cs
  artifactKey: Guid(550bfbd2dc015614db008631da36df41) Importer(815301076,1909f56bfc062723c751e8b465ee728b)
Start importing Assets/Script/ObstacleController.cs using Guid(550bfbd2dc015614db008631da36df41) Importer(815301076,1909f56bfc062723c751e8b465ee728b)  -> (artifact id: 'efa47b85f52d6893d13800bd3de77b1d') in 0.001561 seconds
  Import took 0.004276 seconds .

========================================================================
Received Prepare
Registering precompiled user dll's ...
Registered in 0.000707 seconds.
Begin MonoManager ReloadAssembly
Native extension for WindowsStandalone target not found
Refreshing native plugins compatible for Editor in 0.27 ms, found 0 plugins.
Preloading 0 native plugins for Editor in 0.00 ms.
Invoked RoslynAnalysisRunner static constructor.
RoslynAnalysisRunner will not be running.
RoslynAnalysisRunner has terminated.
Mono: successfully reloaded assembly
- Completed reload, in  0.774 seconds
Platform modules already initialized, skipping
Refreshing native plugins compatible for Editor in 0.27 ms, found 0 plugins.
Preloading 0 native plugins for Editor in 0.00 ms.
Unloading 1242 Unused Serialized files (Serialized files now loaded: 0)
System memory in use before: 66.5 MB.
System memory in use after: 66.6 MB.

Unloading 6 unused Assets to reduce memory usage. Loaded Objects now: 1807.
Total: 2.593800 ms (FindLiveObjects: 0.361300 ms CreateObjectMapping: 0.150000 ms MarkObjects: 2.009000 ms  DeleteObjects: 0.071600 ms)

========================================================================
Received Prepare
Registering precompiled user dll's ...
Registered in 0.000749 seconds.
Begin MonoManager ReloadAssembly
Native extension for WindowsStandalone target not found
Refreshing native plugins compatible for Editor in 0.38 ms, found 0 plugins.
Preloading 0 native plugins for Editor in 0.00 ms.
Invoked RoslynAnalysisRunner static constructor.
RoslynAnalysisRunner will not be running.
RoslynAnalysisRunner has terminated.
Mono: successfully reloaded assembly
- Completed reload, in  0.758 seconds
Platform modules already initialized, skipping
Refreshing native plugins compatible for Editor in 0.28 ms, found 0 plugins.
Preloading 0 native plugins for Editor in 0.00 ms.
Unloading 1242 Unused Serialized files (Serialized files now loaded: 0)
System memory in use before: 66.7 MB.
System memory in use after: 66.7 MB.

Unloading 6 unused Assets to reduce memory usage. Loaded Objects now: 1809.
Total: 1.998300 ms (FindLiveObjects: 0.269800 ms CreateObjectMapping: 0.034700 ms MarkObjects: 1.613600 ms  DeleteObjects: 0.078500 ms)

========================================================================
Received Import Request.
  Time since last request: 41.486773 seconds.
  path: Assets/Script/ObstacleController.cs
  artifactKey: Guid(550bfbd2dc015614db008631da36df41) Importer(815301076,1909f56bfc062723c751e8b465ee728b)
Start importing Assets/Script/ObstacleController.cs using Guid(550bfbd2dc015614db008631da36df41) Importer(815301076,1909f56bfc062723c751e8b465ee728b)  -> (artifact id: 'aa9e5fdf10bca5a647b5131bf68af9df') in 0.004523 seconds
  Import took 0.007049 seconds .

========================================================================
Received Import Request.
  Time since last request: 5.066548 seconds.
  path: Assets/Prefabs/Roller.prefab
  artifactKey: Guid(9f10ed40f7c85c74fbce8ce114be3b39) Importer(815301076,1909f56bfc062723c751e8b465ee728b)
Start importing Assets/Prefabs/Roller.prefab using Guid(9f10ed40f7c85c74fbce8ce114be3b39) Importer(815301076,1909f56bfc062723c751e8b465ee728b)  -> (artifact id: '333c123ecef31e2c32d5fcfe8ca629a4') in 0.059782 seconds
  Import took 0.062877 seconds .

========================================================================
Received Prepare
Registering precompiled user dll's ...
Registered in 0.000615 seconds.
Begin MonoManager ReloadAssembly
Native extension for WindowsStandalone target not found
Refreshing native plugins compatible for Editor in 0.29 ms, found 0 plugins.
Preloading 0 native plugins for Editor in 0.00 ms.
Invoked RoslynAnalysisRunner static constructor.
RoslynAnalysisRunner will not be running.
RoslynAnalysisRunner has terminated.
Mono: successfully reloaded assembly
- Completed reload, in  0.711 seconds
Platform modules already initialized, skipping
Refreshing native plugins compatible for Editor in 0.27 ms, found 0 plugins.
Preloading 0 native plugins for Editor in 0.00 ms.
Unloading 1242 Unused Serialized files (Serialized files now loaded: 0)
System memory in use before: 66.8 MB.
System memory in use after: 66.9 MB.

Unloading 7 unused Assets to reduce memory usage. Loaded Objects now: 1812.
Total: 2.018200 ms (FindLiveObjects: 0.214700 ms CreateObjectMapping: 0.031500 ms MarkObjects: 1.689700 ms  DeleteObjects: 0.080900 ms)

========================================================================
Received Prepare
Registering precompiled user dll's ...
Registered in 0.000639 seconds.
Begin MonoManager ReloadAssembly
Native extension for WindowsStandalone target not found
Refreshing native plugins compatible for Editor in 0.28 ms, found 0 plugins.
Preloading 0 native plugins for Editor in 0.00 ms.
Invoked RoslynAnalysisRunner static constructor.
RoslynAnalysisRunner will not be running.
RoslynAnalysisRunner has terminated.
Mono: successfully reloaded assembly
- Completed reload, in  0.748 seconds
Platform modules already initialized, skipping
Refreshing native plugins compatible for Editor in 0.27 ms, found 0 plugins.
Preloading 0 native plugins for Editor in 0.00 ms.
Unloading 1242 Unused Serialized files (Serialized files now loaded: 0)
System memory in use before: 67.0 MB.
System memory in use after: 67.0 MB.

Unloading 6 unused Assets to reduce memory usage. Loaded Objects now: 1814.
Total: 2.471600 ms (FindLiveObjects: 0.331500 ms CreateObjectMapping: 0.084700 ms MarkObjects: 1.971200 ms  DeleteObjects: 0.082400 ms)

========================================================================
Received Prepare
Registering precompiled user dll's ...
Registered in 0.000736 seconds.
Begin MonoManager ReloadAssembly
Native extension for WindowsStandalone target not found
Refreshing native plugins compatible for Editor in 0.30 ms, found 0 plugins.
Preloading 0 native plugins for Editor in 0.00 ms.
Invoked RoslynAnalysisRunner static constructor.
RoslynAnalysisRunner will not be running.
RoslynAnalysisRunner has terminated.
Mono: successfully reloaded assembly
- Completed reload, in  0.692 seconds
Platform modules already initialized, skipping
Refreshing native plugins compatible for Editor in 0.28 ms, found 0 plugins.
Preloading 0 native plugins for Editor in 0.00 ms.
Unloading 1242 Unused Serialized files (Serialized files now loaded: 0)
System memory in use before: 67.0 MB.
System memory in use after: 67.1 MB.

Unloading 6 unused Assets to reduce memory usage. Loaded Objects now: 1816.
Total: 3.135700 ms (FindLiveObjects: 0.500900 ms CreateObjectMapping: 0.096700 ms MarkObjects: 2.464300 ms  DeleteObjects: 0.071800 ms)

========================================================================
Received Import Request.
  Time since last request: 256.474618 seconds.
  path: Assets/Prefabs/Roller.prefab
  artifactKey: Guid(9f10ed40f7c85c74fbce8ce114be3b39) Importer(815301076,1909f56bfc062723c751e8b465ee728b)
Start importing Assets/Prefabs/Roller.prefab using Guid(9f10ed40f7c85c74fbce8ce114be3b39) Importer(815301076,1909f56bfc062723c751e8b465ee728b)  -> (artifact id: 'aac81c6380e4171bfd24c733a31e9152') in 0.051702 seconds
  Import took 0.054518 seconds .

========================================================================
Received Prepare
Registering precompiled user dll's ...
Registered in 0.000656 seconds.
Begin MonoManager ReloadAssembly
Native extension for WindowsStandalone target not found
Refreshing native plugins compatible for Editor in 0.30 ms, found 0 plugins.
Preloading 0 native plugins for Editor in 0.00 ms.
Invoked RoslynAnalysisRunner static constructor.
RoslynAnalysisRunner will not be running.
RoslynAnalysisRunner has terminated.
Mono: successfully reloaded assembly
- Completed reload, in  0.727 seconds
Platform modules already initialized, skipping
Refreshing native plugins compatible for Editor in 0.27 ms, found 0 plugins.
Preloading 0 native plugins for Editor in 0.00 ms.
Unloading 1242 Unused Serialized files (Serialized files now loaded: 0)
System memory in use before: 66.2 MB.
System memory in use after: 66.3 MB.

Unloading 7 unused Assets to reduce memory usage. Loaded Objects now: 1819.
Total: 2.442500 ms (FindLiveObjects: 0.321200 ms CreateObjectMapping: 0.076100 ms MarkObjects: 1.967200 ms  DeleteObjects: 0.076200 ms)

========================================================================
Received Prepare
Registering precompiled user dll's ...
Registered in 0.000754 seconds.
Begin MonoManager ReloadAssembly
Native extension for WindowsStandalone target not found
Refreshing native plugins compatible for Editor in 0.27 ms, found 0 plugins.
Preloading 0 native plugins for Editor in 0.00 ms.
Invoked RoslynAnalysisRunner static constructor.
RoslynAnalysisRunner will not be running.
RoslynAnalysisRunner has terminated.
Mono: successfully reloaded assembly
- Completed reload, in  0.706 seconds
Platform modules already initialized, skipping
Refreshing native plugins compatible for Editor in 0.34 ms, found 0 plugins.
Preloading 0 native plugins for Editor in 0.00 ms.
Unloading 1242 Unused Serialized files (Serialized files now loaded: 0)
System memory in use before: 66.4 MB.
System memory in use after: 66.5 MB.

Unloading 6 unused Assets to reduce memory usage. Loaded Objects now: 1821.
Total: 2.608300 ms (FindLiveObjects: 0.267400 ms CreateObjectMapping: 0.057800 ms MarkObjects: 2.207100 ms  DeleteObjects: 0.074500 ms)

========================================================================
Received Prepare
Registering precompiled user dll's ...
Registered in 0.001396 seconds.
Begin MonoManager ReloadAssembly
Native extension for WindowsStandalone target not found
Refreshing native plugins compatible for Editor in 0.27 ms, found 0 plugins.
Preloading 0 native plugins for Editor in 0.00 ms.
Invoked RoslynAnalysisRunner static constructor.
RoslynAnalysisRunner will not be running.
RoslynAnalysisRunner has terminated.
Mono: successfully reloaded assembly
- Completed reload, in  0.732 seconds
Platform modules already initialized, skipping
Refreshing native plugins compatible for Editor in 0.27 ms, found 0 plugins.
Preloading 0 native plugins for Editor in 0.00 ms.
Unloading 1242 Unused Serialized files (Serialized files now loaded: 0)
System memory in use before: 66.5 MB.
System memory in use after: 66.6 MB.

Unloading 6 unused Assets to reduce memory usage. Loaded Objects now: 1823.
Total: 2.459200 ms (FindLiveObjects: 0.332900 ms CreateObjectMapping: 0.077700 ms MarkObjects: 1.966500 ms  DeleteObjects: 0.078500 ms)

========================================================================
Received Prepare
Registering precompiled user dll's ...
Registered in 0.000637 seconds.
Begin MonoManager ReloadAssembly
Native extension for WindowsStandalone target not found
Refreshing native plugins compatible for Editor in 0.27 ms, found 0 plugins.
Preloading 0 native plugins for Editor in 0.00 ms.
Invoked RoslynAnalysisRunner static constructor.
RoslynAnalysisRunner will not be running.
RoslynAnalysisRunner has terminated.
Mono: successfully reloaded assembly
- Completed reload, in  0.710 seconds
Platform modules already initialized, skipping
Refreshing native plugins compatible for Editor in 0.28 ms, found 0 plugins.
Preloading 0 native plugins for Editor in 0.00 ms.
Unloading 1242 Unused Serialized files (Serialized files now loaded: 0)
System memory in use before: 66.7 MB.
System memory in use after: 66.8 MB.

Unloading 6 unused Assets to reduce memory usage. Loaded Objects now: 1825.
Total: 2.616000 ms (FindLiveObjects: 0.265100 ms CreateObjectMapping: 0.055700 ms MarkObjects: 2.172400 ms  DeleteObjects: 0.121100 ms)

AssetImportWorkerClient::OnTransportError - code=2 error=End of file
